<?xml version="1.0" encoding="UTF-8" ?>
<testsuite errors="1" failures="0" hostname="P3ALAP-5296RDC"
	name="Runner.RunnerTest" tests="1" time="0.0"
	timestamp="2017-08-16T08:51:08">
	<properties>
[...]
</properties>
	<error message="Runner.RunnerTest"
		type="java.lang.ClassNotFoundException">java.lang.ClassNotFoundException: Runner.RunnerTest
		at java.net.URLClassLoader.findClass(Unknown Source)
		at java.lang.ClassLoader.loadClass(Unknown Source)
		at sun.misc.Launcher$AppClassLoader.loadClass(Unknown Source)
		at java.lang.ClassLoader.loadClass(Unknown Source)
		at java.lang.Class.forName0(Native Method)
		at java.lang.Class.forName(Unknown Source)
	</error>
	<system-out><![CDATA[]]>
	</system-out>
	<system-err><![CDATA[]]>
	</system-err>
</testsuite>
